🧪 Testing: ./gh-comment lines 15 src/src/main.go
❌ File 'src/src/main.go' not found in PR #15 diff

Available files in this PR:
  • .gh-comment.yaml
  • .gitignore
  • README.md
  • TASKS.md
  • cmd/batch.go
  • cmd/benchmark_test.go
  • cmd/colors.go
  • cmd/colors_test.go
  • cmd/config_command_test.go
  • cmd/export.go
  • cmd/export_test.go
  • cmd/helpers.go
  • cmd/helpers_additional_test.go
  • cmd/helpers_test.go
  • cmd/lines.go
  • cmd/list.go
  • cmd/list_test.go
  • cmd/prompts.go
  • cmd/registry.go
  • cmd/registry_migration.go
  • cmd/registry_migration_test.go
  • cmd/registry_test.go
  • cmd/review-reply.go
  • cmd/review.go
  • cmd/root.go
  • cmd/validation_test.go
  • comprehensive-review.yaml
  • coverage.html
  • coverage.out
  • logs/integration/archived-20250805-072949/README.md
  • logs/integration/archived-20250805-072949/cmd--R,-20250805-072949.log
  • logs/integration/archived-20250805-072949/cmd-add-20250805-072949.log
  • logs/integration/archived-20250805-072949/cmd-batch-20250805-072949.log
  • logs/integration/archived-20250805-072949/cmd-close-pending-review-20250805-072949.log
  • logs/integration/archived-20250805-072949/cmd-completion-20250805-072949.log
  • logs/integration/archived-20250805-072949/cmd-edit-20250805-072949.log
  • logs/integration/archived-20250805-072949/cmd-lines-20250805-072949.log
  • logs/integration/archived-20250805-072949/cmd-list-20250805-072949.log
  • logs/integration/archived-20250805-072949/cmd-prompts-20250805-072949.log
  • logs/integration/archived-20250805-072949/cmd-react-20250805-072949.log
  • logs/integration/archived-20250805-072949/cmd-resolve-20250805-072949.log
  • logs/integration/archived-20250805-072949/cmd-review-20250805-072949.log
  • logs/integration/archived-20250805-072949/cmd-review-reply-20250805-072949.log
  • logs/integration/archived-20250805-072949/cmd-run_all-20250805-072949.log
  • logs/integration/archived-20250805-072949/test-cases-20250805-072949/-R,_examples.sh
  • logs/integration/archived-20250805-072949/test-cases-20250805-072949/add_examples.sh
  • logs/integration/archived-20250805-072949/test-cases-20250805-072949/batch_examples.sh
  • logs/integration/archived-20250805-072949/test-cases-20250805-072949/close-pending-review_examples.sh
  • logs/integration/archived-20250805-072949/test-cases-20250805-072949/completion_examples.sh
  • logs/integration/archived-20250805-072949/test-cases-20250805-072949/edit_examples.sh
  • logs/integration/archived-20250805-072949/test-cases-20250805-072949/lines_examples.sh
  • logs/integration/archived-20250805-072949/test-cases-20250805-072949/list_examples.sh
  • logs/integration/archived-20250805-072949/test-cases-20250805-072949/prompts_examples.sh
  • logs/integration/archived-20250805-072949/test-cases-20250805-072949/react_examples.sh
  • logs/integration/archived-20250805-072949/test-cases-20250805-072949/resolve_examples.sh
  • logs/integration/archived-20250805-072949/test-cases-20250805-072949/review-reply_examples.sh
  • logs/integration/archived-20250805-072949/test-cases-20250805-072949/review_examples.sh
  • logs/integration/archived-20250805-072949/test-cases-20250805-072949/run_all_examples.sh
  • logs/integration/archived-20250805-072949/test-env-20250805-072949.sh
  • logs/integration/archived-20250805-072949/test-results-20250805-072949.txt
  • logs/integration/cmd--R,-20250805-072949.log
  • logs/integration/cmd-add-20250805-072949.log
  • logs/integration/cmd-batch-20250805-072949.log
  • logs/integration/cmd-close-pending-review-20250805-072949.log
  • logs/integration/cmd-completion-20250805-072949.log
  • logs/integration/cmd-edit-20250805-072949.log
  • logs/integration/cmd-lines-20250805-072949.log
  • logs/integration/cmd-list-20250805-072949.log
  • logs/integration/cmd-prompts-20250805-072949.log
  • logs/integration/cmd-react-20250805-072949.log
  • logs/integration/cmd-resolve-20250805-072949.log
  • logs/integration/cmd-review-20250805-072949.log
  • logs/integration/cmd-review-reply-20250805-072949.log
  • logs/integration/cmd-run_all-20250805-072949.log
  • logs/integration/setup-20250805-074140.log
  • logs/integration/test-cases-20250805-072949/-R,_examples.sh
  • logs/integration/test-cases-20250805-072949/add_examples.sh
  • logs/integration/test-cases-20250805-072949/batch_examples.sh
  • logs/integration/test-cases-20250805-072949/close-pending-review_examples.sh
  • logs/integration/test-cases-20250805-072949/completion_examples.sh
  • logs/integration/test-cases-20250805-072949/edit_examples.sh
  • logs/integration/test-cases-20250805-072949/lines_examples.sh
  • logs/integration/test-cases-20250805-072949/list_examples.sh
  • logs/integration/test-cases-20250805-072949/prompts_examples.sh
  • logs/integration/test-cases-20250805-072949/react_examples.sh
  • logs/integration/test-cases-20250805-072949/resolve_examples.sh
  • logs/integration/test-cases-20250805-072949/review-reply_examples.sh
  • logs/integration/test-cases-20250805-072949/review_examples.sh
  • logs/integration/test-cases-20250805-072949/run_all_examples.sh
  • logs/integration/test-env-20250805-072949.sh
  • logs/integration/test-results-20250805-072949.txt
  • pr-12-review.html
  • review-config.yaml
  • scripts/integration/00_preflight.sh
  • scripts/integration/01_setup.sh
  • scripts/integration/02_parse_help.sh
  • scripts/integration/03_run_tests.sh
  • scripts/integration/04_cleanup.sh
  • scripts/integration/README.md
  • scripts/integration/run_integration.sh
  • security-audit.yaml
  • security-comments.json
  • src/api.js
  • src/main.go
  • test-batch.yaml
  • test-comments.csv
  • tests/auth_test.js
✅ SUCCESS: lines example 1

🧪 Testing: ./gh-comment lines 15 src/src/main.go --show-code
❌ File 'src/src/main.go' not found in PR #15 diff

Available files in this PR:
  • .gh-comment.yaml
  • .gitignore
  • README.md
  • TASKS.md
  • cmd/batch.go
  • cmd/benchmark_test.go
  • cmd/colors.go
  • cmd/colors_test.go
  • cmd/config_command_test.go
  • cmd/export.go
  • cmd/export_test.go
  • cmd/helpers.go
  • cmd/helpers_additional_test.go
  • cmd/helpers_test.go
  • cmd/lines.go
  • cmd/list.go
  • cmd/list_test.go
  • cmd/prompts.go
  • cmd/registry.go
  • cmd/registry_migration.go
  • cmd/registry_migration_test.go
  • cmd/registry_test.go
  • cmd/review-reply.go
  • cmd/review.go
  • cmd/root.go
  • cmd/validation_test.go
  • comprehensive-review.yaml
  • coverage.html
  • coverage.out
  • logs/integration/archived-20250805-072949/README.md
  • logs/integration/archived-20250805-072949/cmd--R,-20250805-072949.log
  • logs/integration/archived-20250805-072949/cmd-add-20250805-072949.log
  • logs/integration/archived-20250805-072949/cmd-batch-20250805-072949.log
  • logs/integration/archived-20250805-072949/cmd-close-pending-review-20250805-072949.log
  • logs/integration/archived-20250805-072949/cmd-completion-20250805-072949.log
  • logs/integration/archived-20250805-072949/cmd-edit-20250805-072949.log
  • logs/integration/archived-20250805-072949/cmd-lines-20250805-072949.log
  • logs/integration/archived-20250805-072949/cmd-list-20250805-072949.log
  • logs/integration/archived-20250805-072949/cmd-prompts-20250805-072949.log
  • logs/integration/archived-20250805-072949/cmd-react-20250805-072949.log
  • logs/integration/archived-20250805-072949/cmd-resolve-20250805-072949.log
  • logs/integration/archived-20250805-072949/cmd-review-20250805-072949.log
  • logs/integration/archived-20250805-072949/cmd-review-reply-20250805-072949.log
  • logs/integration/archived-20250805-072949/cmd-run_all-20250805-072949.log
  • logs/integration/archived-20250805-072949/test-cases-20250805-072949/-R,_examples.sh
  • logs/integration/archived-20250805-072949/test-cases-20250805-072949/add_examples.sh
  • logs/integration/archived-20250805-072949/test-cases-20250805-072949/batch_examples.sh
  • logs/integration/archived-20250805-072949/test-cases-20250805-072949/close-pending-review_examples.sh
  • logs/integration/archived-20250805-072949/test-cases-20250805-072949/completion_examples.sh
  • logs/integration/archived-20250805-072949/test-cases-20250805-072949/edit_examples.sh
  • logs/integration/archived-20250805-072949/test-cases-20250805-072949/lines_examples.sh
  • logs/integration/archived-20250805-072949/test-cases-20250805-072949/list_examples.sh
  • logs/integration/archived-20250805-072949/test-cases-20250805-072949/prompts_examples.sh
  • logs/integration/archived-20250805-072949/test-cases-20250805-072949/react_examples.sh
  • logs/integration/archived-20250805-072949/test-cases-20250805-072949/resolve_examples.sh
  • logs/integration/archived-20250805-072949/test-cases-20250805-072949/review-reply_examples.sh
  • logs/integration/archived-20250805-072949/test-cases-20250805-072949/review_examples.sh
  • logs/integration/archived-20250805-072949/test-cases-20250805-072949/run_all_examples.sh
  • logs/integration/archived-20250805-072949/test-env-20250805-072949.sh
  • logs/integration/archived-20250805-072949/test-results-20250805-072949.txt
  • logs/integration/cmd--R,-20250805-072949.log
  • logs/integration/cmd-add-20250805-072949.log
  • logs/integration/cmd-batch-20250805-072949.log
  • logs/integration/cmd-close-pending-review-20250805-072949.log
  • logs/integration/cmd-completion-20250805-072949.log
  • logs/integration/cmd-edit-20250805-072949.log
  • logs/integration/cmd-lines-20250805-072949.log
  • logs/integration/cmd-list-20250805-072949.log
  • logs/integration/cmd-prompts-20250805-072949.log
  • logs/integration/cmd-react-20250805-072949.log
  • logs/integration/cmd-resolve-20250805-072949.log
  • logs/integration/cmd-review-20250805-072949.log
  • logs/integration/cmd-review-reply-20250805-072949.log
  • logs/integration/cmd-run_all-20250805-072949.log
  • logs/integration/setup-20250805-074140.log
  • logs/integration/test-cases-20250805-072949/-R,_examples.sh
  • logs/integration/test-cases-20250805-072949/add_examples.sh
  • logs/integration/test-cases-20250805-072949/batch_examples.sh
  • logs/integration/test-cases-20250805-072949/close-pending-review_examples.sh
  • logs/integration/test-cases-20250805-072949/completion_examples.sh
  • logs/integration/test-cases-20250805-072949/edit_examples.sh
  • logs/integration/test-cases-20250805-072949/lines_examples.sh
  • logs/integration/test-cases-20250805-072949/list_examples.sh
  • logs/integration/test-cases-20250805-072949/prompts_examples.sh
  • logs/integration/test-cases-20250805-072949/react_examples.sh
  • logs/integration/test-cases-20250805-072949/resolve_examples.sh
  • logs/integration/test-cases-20250805-072949/review-reply_examples.sh
  • logs/integration/test-cases-20250805-072949/review_examples.sh
  • logs/integration/test-cases-20250805-072949/run_all_examples.sh
  • logs/integration/test-env-20250805-072949.sh
  • logs/integration/test-results-20250805-072949.txt
  • pr-12-review.html
  • review-config.yaml
  • scripts/integration/00_preflight.sh
  • scripts/integration/01_setup.sh
  • scripts/integration/02_parse_help.sh
  • scripts/integration/03_run_tests.sh
  • scripts/integration/04_cleanup.sh
  • scripts/integration/README.md
  • scripts/integration/run_integration.sh
  • security-audit.yaml
  • security-comments.json
  • src/api.js
  • src/main.go
  • test-batch.yaml
  • test-comments.csv
  • tests/auth_test.js
✅ SUCCESS: lines example 2

🧪 Testing: ./gh-comment lines 15 src/src/main.go | grep ^42:
❌ FAILED: lines example 3

🧪 Testing: ./gh-comment lines 15 src/src/main.go | grep -o ^[0-9]* | head -5
✅ SUCCESS: lines example 4

