mode: set
github.com/silouanwright/gh-comment/cmd/add-review.go:51.13,57.2 5 1
github.com/silouanwright/gh-comment/cmd/add-review.go:59.60,65.20 4 0
github.com/silouanwright/gh-comment/cmd/add-review.go:65.20,68.17 2 0
github.com/silouanwright/gh-comment/cmd/add-review.go:68.17,70.4 1 0
github.com/silouanwright/gh-comment/cmd/add-review.go:71.3,71.17 1 0
github.com/silouanwright/gh-comment/cmd/add-review.go:72.8,72.27 1 0
github.com/silouanwright/gh-comment/cmd/add-review.go:72.27,74.54 1 0
github.com/silouanwright/gh-comment/cmd/add-review.go:74.54,77.4 1 0
github.com/silouanwright/gh-comment/cmd/add-review.go:77.9,80.18 2 0
github.com/silouanwright/gh-comment/cmd/add-review.go:80.18,82.5 1 0
github.com/silouanwright/gh-comment/cmd/add-review.go:83.4,83.18 1 0
github.com/silouanwright/gh-comment/cmd/add-review.go:85.8,88.17 2 0
github.com/silouanwright/gh-comment/cmd/add-review.go:88.17,90.4 1 0
github.com/silouanwright/gh-comment/cmd/add-review.go:94.2,94.22 1 0
github.com/silouanwright/gh-comment/cmd/add-review.go:94.22,96.3 1 0
github.com/silouanwright/gh-comment/cmd/add-review.go:99.2,99.30 1 0
github.com/silouanwright/gh-comment/cmd/add-review.go:99.30,101.3 1 0
github.com/silouanwright/gh-comment/cmd/add-review.go:104.2,105.16 2 0
github.com/silouanwright/gh-comment/cmd/add-review.go:105.16,107.3 1 0
github.com/silouanwright/gh-comment/cmd/add-review.go:109.2,109.13 1 0
github.com/silouanwright/gh-comment/cmd/add-review.go:109.13,116.3 6 0
github.com/silouanwright/gh-comment/cmd/add-review.go:118.2,118.12 1 0
github.com/silouanwright/gh-comment/cmd/add-review.go:118.12,123.42 5 0
github.com/silouanwright/gh-comment/cmd/add-review.go:123.42,125.4 1 0
github.com/silouanwright/gh-comment/cmd/add-review.go:126.3,126.13 1 0
github.com/silouanwright/gh-comment/cmd/add-review.go:130.2,130.84 1 0
github.com/silouanwright/gh-comment/cmd/add-review.go:133.101,135.16 2 0
github.com/silouanwright/gh-comment/cmd/add-review.go:135.16,137.3 1 0
github.com/silouanwright/gh-comment/cmd/add-review.go:140.2,147.16 3 0
github.com/silouanwright/gh-comment/cmd/add-review.go:147.16,149.3 1 0
github.com/silouanwright/gh-comment/cmd/add-review.go:152.2,153.36 2 0
github.com/silouanwright/gh-comment/cmd/add-review.go:153.36,155.17 2 0
github.com/silouanwright/gh-comment/cmd/add-review.go:155.17,157.4 1 0
github.com/silouanwright/gh-comment/cmd/add-review.go:158.3,158.39 1 0
github.com/silouanwright/gh-comment/cmd/add-review.go:162.2,169.17 2 0
github.com/silouanwright/gh-comment/cmd/add-review.go:169.17,171.3 1 0
github.com/silouanwright/gh-comment/cmd/add-review.go:173.2,174.16 2 0
github.com/silouanwright/gh-comment/cmd/add-review.go:174.16,176.3 1 0
github.com/silouanwright/gh-comment/cmd/add-review.go:178.2,178.13 1 0
github.com/silouanwright/gh-comment/cmd/add-review.go:178.13,180.3 1 0
github.com/silouanwright/gh-comment/cmd/add-review.go:183.2,185.16 3 0
github.com/silouanwright/gh-comment/cmd/add-review.go:185.16,187.3 1 0
github.com/silouanwright/gh-comment/cmd/add-review.go:190.2,190.17 1 0
github.com/silouanwright/gh-comment/cmd/add-review.go:190.17,193.3 2 0
github.com/silouanwright/gh-comment/cmd/add-review.go:193.8,195.3 1 0
github.com/silouanwright/gh-comment/cmd/add-review.go:197.2,197.13 1 0
github.com/silouanwright/gh-comment/cmd/add-review.go:197.13,198.55 1 0
github.com/silouanwright/gh-comment/cmd/add-review.go:198.55,200.4 1 0
github.com/silouanwright/gh-comment/cmd/add-review.go:203.2,203.12 1 0
github.com/silouanwright/gh-comment/cmd/add-review.go:206.79,209.20 2 0
github.com/silouanwright/gh-comment/cmd/add-review.go:209.20,211.3 1 0
github.com/silouanwright/gh-comment/cmd/add-review.go:213.2,215.21 2 0
github.com/silouanwright/gh-comment/cmd/add-review.go:215.21,218.17 2 0
github.com/silouanwright/gh-comment/cmd/add-review.go:218.17,220.4 1 0
github.com/silouanwright/gh-comment/cmd/add-review.go:222.3,223.33 2 0
github.com/silouanwright/gh-comment/cmd/add-review.go:223.33,225.4 1 0
github.com/silouanwright/gh-comment/cmd/add-review.go:227.3,231.9 1 0
github.com/silouanwright/gh-comment/cmd/add-review.go:232.8,235.17 2 0
github.com/silouanwright/gh-comment/cmd/add-review.go:235.17,237.4 1 0
github.com/silouanwright/gh-comment/cmd/add-review.go:239.3,240.17 2 0
github.com/silouanwright/gh-comment/cmd/add-review.go:240.17,242.4 1 0
github.com/silouanwright/gh-comment/cmd/add-review.go:244.3,244.26 1 0
github.com/silouanwright/gh-comment/cmd/add-review.go:244.26,246.4 1 0
github.com/silouanwright/gh-comment/cmd/add-review.go:248.3,249.33 2 0
github.com/silouanwright/gh-comment/cmd/add-review.go:249.33,251.4 1 0
github.com/silouanwright/gh-comment/cmd/add-review.go:253.3,259.9 1 0
github.com/silouanwright/gh-comment/cmd/add.go:45.13,49.2 3 1
github.com/silouanwright/gh-comment/cmd/add.go:51.54,57.20 4 0
github.com/silouanwright/gh-comment/cmd/add.go:57.20,60.17 2 0
github.com/silouanwright/gh-comment/cmd/add.go:60.17,62.4 1 0
github.com/silouanwright/gh-comment/cmd/add.go:63.3,65.20 3 0
github.com/silouanwright/gh-comment/cmd/add.go:66.8,66.27 1 0
github.com/silouanwright/gh-comment/cmd/add.go:66.27,69.17 2 0
github.com/silouanwright/gh-comment/cmd/add.go:69.17,71.4 1 0
github.com/silouanwright/gh-comment/cmd/add.go:72.3,74.20 3 0
github.com/silouanwright/gh-comment/cmd/add.go:75.8,75.48 1 0
github.com/silouanwright/gh-comment/cmd/add.go:75.48,78.17 2 0
github.com/silouanwright/gh-comment/cmd/add.go:78.17,80.4 1 0
github.com/silouanwright/gh-comment/cmd/add.go:81.3,83.41 3 0
github.com/silouanwright/gh-comment/cmd/add.go:84.8,84.48 1 0
github.com/silouanwright/gh-comment/cmd/add.go:84.48,87.17 2 0
github.com/silouanwright/gh-comment/cmd/add.go:87.17,89.4 1 0
github.com/silouanwright/gh-comment/cmd/add.go:90.3,92.41 3 0
github.com/silouanwright/gh-comment/cmd/add.go:93.8,95.3 1 0
github.com/silouanwright/gh-comment/cmd/add.go:98.2,99.16 2 0
github.com/silouanwright/gh-comment/cmd/add.go:99.16,101.3 1 0
github.com/silouanwright/gh-comment/cmd/add.go:104.2,105.16 2 0
github.com/silouanwright/gh-comment/cmd/add.go:105.16,107.3 1 0
github.com/silouanwright/gh-comment/cmd/add.go:110.2,111.25 2 0
github.com/silouanwright/gh-comment/cmd/add.go:111.25,113.3 1 0
github.com/silouanwright/gh-comment/cmd/add.go:113.8,115.3 1 0
github.com/silouanwright/gh-comment/cmd/add.go:117.2,117.13 1 0
github.com/silouanwright/gh-comment/cmd/add.go:117.13,122.27 5 0
github.com/silouanwright/gh-comment/cmd/add.go:122.27,124.4 1 0
github.com/silouanwright/gh-comment/cmd/add.go:125.3,126.62 2 0
github.com/silouanwright/gh-comment/cmd/add.go:129.2,129.12 1 0
github.com/silouanwright/gh-comment/cmd/add.go:129.12,131.27 2 0
github.com/silouanwright/gh-comment/cmd/add.go:131.27,133.4 1 0
github.com/silouanwright/gh-comment/cmd/add.go:134.3,135.13 2 0
github.com/silouanwright/gh-comment/cmd/add.go:139.2,139.85 1 0
github.com/silouanwright/gh-comment/cmd/add.go:142.55,143.37 1 0
github.com/silouanwright/gh-comment/cmd/add.go:143.37,146.22 2 0
github.com/silouanwright/gh-comment/cmd/add.go:146.22,148.4 1 0
github.com/silouanwright/gh-comment/cmd/add.go:150.3,151.17 2 0
github.com/silouanwright/gh-comment/cmd/add.go:151.17,153.4 1 0
github.com/silouanwright/gh-comment/cmd/add.go:155.3,156.17 2 0
github.com/silouanwright/gh-comment/cmd/add.go:156.17,158.4 1 0
github.com/silouanwright/gh-comment/cmd/add.go:160.3,160.18 1 0
github.com/silouanwright/gh-comment/cmd/add.go:160.18,162.4 1 0
github.com/silouanwright/gh-comment/cmd/add.go:164.3,164.25 1 0
github.com/silouanwright/gh-comment/cmd/add.go:165.8,168.17 2 0
github.com/silouanwright/gh-comment/cmd/add.go:168.17,170.4 1 0
github.com/silouanwright/gh-comment/cmd/add.go:171.3,171.25 1 0
github.com/silouanwright/gh-comment/cmd/add.go:175.101,177.16 2 0
github.com/silouanwright/gh-comment/cmd/add.go:177.16,179.3 1 0
github.com/silouanwright/gh-comment/cmd/add.go:182.2,189.16 3 0
github.com/silouanwright/gh-comment/cmd/add.go:189.16,191.3 1 0
github.com/silouanwright/gh-comment/cmd/add.go:194.2,202.26 2 0
github.com/silouanwright/gh-comment/cmd/add.go:202.26,205.3 2 0
github.com/silouanwright/gh-comment/cmd/add.go:207.2,207.13 1 0
github.com/silouanwright/gh-comment/cmd/add.go:207.13,210.3 2 0
github.com/silouanwright/gh-comment/cmd/add.go:213.2,214.16 2 0
github.com/silouanwright/gh-comment/cmd/add.go:214.16,216.3 1 0
github.com/silouanwright/gh-comment/cmd/add.go:219.2,221.16 3 0
github.com/silouanwright/gh-comment/cmd/add.go:221.16,223.3 1 0
github.com/silouanwright/gh-comment/cmd/add.go:225.2,226.26 2 0
github.com/silouanwright/gh-comment/cmd/add.go:226.26,228.3 1 0
github.com/silouanwright/gh-comment/cmd/add.go:229.2,231.13 2 0
github.com/silouanwright/gh-comment/cmd/add.go:231.13,232.55 1 0
github.com/silouanwright/gh-comment/cmd/add.go:232.55,234.4 1 0
github.com/silouanwright/gh-comment/cmd/add.go:237.2,237.12 1 0
github.com/silouanwright/gh-comment/cmd/edit.go:47.13,50.2 2 1
github.com/silouanwright/gh-comment/cmd/edit.go:52.55,55.16 2 0
github.com/silouanwright/gh-comment/cmd/edit.go:55.16,57.3 1 0
github.com/silouanwright/gh-comment/cmd/edit.go:59.2,62.20 2 0
github.com/silouanwright/gh-comment/cmd/edit.go:62.20,64.3 1 0
github.com/silouanwright/gh-comment/cmd/edit.go:64.8,64.34 1 0
github.com/silouanwright/gh-comment/cmd/edit.go:64.34,66.3 1 0
github.com/silouanwright/gh-comment/cmd/edit.go:66.8,68.3 1 0
github.com/silouanwright/gh-comment/cmd/edit.go:71.2,72.16 2 0
github.com/silouanwright/gh-comment/cmd/edit.go:72.16,74.3 1 0
github.com/silouanwright/gh-comment/cmd/edit.go:76.2,76.13 1 0
github.com/silouanwright/gh-comment/cmd/edit.go:76.13,81.3 4 0
github.com/silouanwright/gh-comment/cmd/edit.go:83.2,83.12 1 0
github.com/silouanwright/gh-comment/cmd/edit.go:83.12,87.3 3 0
github.com/silouanwright/gh-comment/cmd/edit.go:90.2,91.16 2 0
github.com/silouanwright/gh-comment/cmd/edit.go:91.16,93.3 1 0
github.com/silouanwright/gh-comment/cmd/edit.go:95.2,96.12 2 0
github.com/silouanwright/gh-comment/cmd/edit.go:99.71,101.16 2 0
github.com/silouanwright/gh-comment/cmd/edit.go:101.16,103.3 1 0
github.com/silouanwright/gh-comment/cmd/edit.go:106.2,111.16 3 0
github.com/silouanwright/gh-comment/cmd/edit.go:111.16,113.3 1 0
github.com/silouanwright/gh-comment/cmd/edit.go:115.2,117.16 3 0
github.com/silouanwright/gh-comment/cmd/edit.go:117.16,119.3 1 0
github.com/silouanwright/gh-comment/cmd/edit.go:121.2,121.12 1 0
github.com/silouanwright/gh-comment/cmd/helpers.go:15.54,17.16 2 1
github.com/silouanwright/gh-comment/cmd/helpers.go:17.16,19.3 1 0
github.com/silouanwright/gh-comment/cmd/helpers.go:21.2,21.18 1 1
github.com/silouanwright/gh-comment/cmd/helpers.go:21.18,23.3 1 1
github.com/silouanwright/gh-comment/cmd/helpers.go:23.8,25.17 2 1
github.com/silouanwright/gh-comment/cmd/helpers.go:25.17,27.4 1 1
github.com/silouanwright/gh-comment/cmd/helpers.go:30.2,30.22 1 1
github.com/silouanwright/gh-comment/cmd/helpers.go:34.66,36.2 1 0
github.com/silouanwright/gh-comment/cmd/helpers.go:39.65,41.2 1 1
github.com/silouanwright/gh-comment/cmd/helpers.go:44.73,46.2 1 0
github.com/silouanwright/gh-comment/cmd/list.go:60.13,68.2 6 1
github.com/silouanwright/gh-comment/cmd/list.go:70.55,72.23 1 1
github.com/silouanwright/gh-comment/cmd/list.go:72.23,74.3 1 0
github.com/silouanwright/gh-comment/cmd/list.go:76.2,80.20 3 1
github.com/silouanwright/gh-comment/cmd/list.go:80.20,82.17 2 1
github.com/silouanwright/gh-comment/cmd/list.go:82.17,84.4 1 1
github.com/silouanwright/gh-comment/cmd/list.go:85.8,88.17 2 0
github.com/silouanwright/gh-comment/cmd/list.go:88.17,90.4 1 0
github.com/silouanwright/gh-comment/cmd/list.go:94.2,95.16 2 1
github.com/silouanwright/gh-comment/cmd/list.go:95.16,97.3 1 0
github.com/silouanwright/gh-comment/cmd/list.go:99.2,99.13 1 1
github.com/silouanwright/gh-comment/cmd/list.go:99.13,106.19 7 0
github.com/silouanwright/gh-comment/cmd/list.go:106.19,108.4 1 0
github.com/silouanwright/gh-comment/cmd/list.go:109.3,109.16 1 0
github.com/silouanwright/gh-comment/cmd/list.go:113.2,114.16 2 1
github.com/silouanwright/gh-comment/cmd/list.go:114.16,116.3 1 0
github.com/silouanwright/gh-comment/cmd/list.go:119.2,124.12 3 1
github.com/silouanwright/gh-comment/cmd/list.go:148.88,151.21 2 1
github.com/silouanwright/gh-comment/cmd/list.go:151.21,153.3 1 1
github.com/silouanwright/gh-comment/cmd/list.go:154.2,160.16 4 1
github.com/silouanwright/gh-comment/cmd/list.go:160.16,162.3 1 0
github.com/silouanwright/gh-comment/cmd/list.go:165.2,165.40 1 1
github.com/silouanwright/gh-comment/cmd/list.go:165.40,175.3 1 1
github.com/silouanwright/gh-comment/cmd/list.go:178.2,179.16 2 1
github.com/silouanwright/gh-comment/cmd/list.go:179.16,181.3 1 0
github.com/silouanwright/gh-comment/cmd/list.go:184.2,184.41 1 1
github.com/silouanwright/gh-comment/cmd/list.go:184.41,196.3 1 1
github.com/silouanwright/gh-comment/cmd/list.go:198.2,198.25 1 1
github.com/silouanwright/gh-comment/cmd/list.go:201.51,204.35 2 1
github.com/silouanwright/gh-comment/cmd/list.go:204.35,206.47 1 1
github.com/silouanwright/gh-comment/cmd/list.go:206.47,207.12 1 1
github.com/silouanwright/gh-comment/cmd/list.go:213.3,213.39 1 1
github.com/silouanwright/gh-comment/cmd/list.go:216.2,216.17 1 1
github.com/silouanwright/gh-comment/cmd/list.go:219.50,220.24 1 1
github.com/silouanwright/gh-comment/cmd/list.go:220.24,223.3 2 0
github.com/silouanwright/gh-comment/cmd/list.go:225.2,229.35 3 1
github.com/silouanwright/gh-comment/cmd/list.go:229.35,231.30 1 1
github.com/silouanwright/gh-comment/cmd/list.go:231.30,233.4 1 1
github.com/silouanwright/gh-comment/cmd/list.go:233.9,233.38 1 1
github.com/silouanwright/gh-comment/cmd/list.go:233.38,235.4 1 1
github.com/silouanwright/gh-comment/cmd/list.go:235.9,237.4 1 0
github.com/silouanwright/gh-comment/cmd/list.go:241.2,241.28 1 1
github.com/silouanwright/gh-comment/cmd/list.go:241.28,244.41 3 1
github.com/silouanwright/gh-comment/cmd/list.go:244.41,246.4 1 1
github.com/silouanwright/gh-comment/cmd/list.go:247.3,247.16 1 1
github.com/silouanwright/gh-comment/cmd/list.go:251.2,251.29 1 1
github.com/silouanwright/gh-comment/cmd/list.go:251.29,254.42 3 1
github.com/silouanwright/gh-comment/cmd/list.go:254.42,256.4 1 1
github.com/silouanwright/gh-comment/cmd/list.go:257.3,257.16 1 1
github.com/silouanwright/gh-comment/cmd/list.go:261.2,261.27 1 1
github.com/silouanwright/gh-comment/cmd/list.go:261.27,264.40 3 0
github.com/silouanwright/gh-comment/cmd/list.go:264.40,266.4 1 0
github.com/silouanwright/gh-comment/cmd/list.go:270.49,273.17 2 1
github.com/silouanwright/gh-comment/cmd/list.go:273.17,275.3 1 0
github.com/silouanwright/gh-comment/cmd/list.go:275.8,277.3 1 1
github.com/silouanwright/gh-comment/cmd/list.go:280.2,280.53 1 1
github.com/silouanwright/gh-comment/cmd/list.go:280.53,282.24 2 0
github.com/silouanwright/gh-comment/cmd/list.go:283.19,284.22 1 0
github.com/silouanwright/gh-comment/cmd/list.go:285.28,286.23 1 0
github.com/silouanwright/gh-comment/cmd/list.go:287.20,288.23 1 0
github.com/silouanwright/gh-comment/cmd/list.go:290.3,290.50 1 0
github.com/silouanwright/gh-comment/cmd/list.go:292.2,295.24 2 1
github.com/silouanwright/gh-comment/cmd/list.go:295.24,297.65 2 1
github.com/silouanwright/gh-comment/cmd/list.go:297.65,299.4 1 0
github.com/silouanwright/gh-comment/cmd/list.go:300.3,303.29 2 1
github.com/silouanwright/gh-comment/cmd/list.go:303.29,306.4 2 0
github.com/silouanwright/gh-comment/cmd/list.go:310.2,311.21 2 1
github.com/silouanwright/gh-comment/cmd/list.go:311.21,313.3 1 0
github.com/silouanwright/gh-comment/cmd/list.go:316.2,317.29 2 1
github.com/silouanwright/gh-comment/cmd/list.go:317.29,319.3 1 1
github.com/silouanwright/gh-comment/cmd/list.go:322.2,322.12 1 1
github.com/silouanwright/gh-comment/cmd/list.go:322.12,324.3 1 1
github.com/silouanwright/gh-comment/cmd/list.go:326.2,326.15 1 1
github.com/silouanwright/gh-comment/cmd/list.go:329.40,333.24 3 1
github.com/silouanwright/gh-comment/cmd/list.go:333.24,335.3 1 1
github.com/silouanwright/gh-comment/cmd/list.go:335.8,335.29 1 1
github.com/silouanwright/gh-comment/cmd/list.go:335.29,337.19 2 1
github.com/silouanwright/gh-comment/cmd/list.go:337.19,339.4 1 1
github.com/silouanwright/gh-comment/cmd/list.go:340.3,340.48 1 1
github.com/silouanwright/gh-comment/cmd/list.go:341.8,341.32 1 1
github.com/silouanwright/gh-comment/cmd/list.go:341.32,343.17 2 1
github.com/silouanwright/gh-comment/cmd/list.go:343.17,345.4 1 1
github.com/silouanwright/gh-comment/cmd/list.go:346.3,346.44 1 1
github.com/silouanwright/gh-comment/cmd/list.go:347.8,349.16 2 1
github.com/silouanwright/gh-comment/cmd/list.go:349.16,351.4 1 1
github.com/silouanwright/gh-comment/cmd/list.go:351.9,351.22 1 1
github.com/silouanwright/gh-comment/cmd/list.go:351.22,353.4 1 1
github.com/silouanwright/gh-comment/cmd/list.go:353.9,355.4 1 1
github.com/silouanwright/gh-comment/cmd/list.go:359.39,363.29 2 0
github.com/silouanwright/gh-comment/cmd/list.go:363.29,364.17 1 0
github.com/silouanwright/gh-comment/cmd/list.go:364.17,365.12 1 0
github.com/silouanwright/gh-comment/cmd/list.go:369.3,369.36 1 0
github.com/silouanwright/gh-comment/cmd/list.go:369.36,372.4 1 0
github.com/silouanwright/gh-comment/cmd/list.go:372.9,372.42 1 0
github.com/silouanwright/gh-comment/cmd/list.go:372.42,375.4 1 0
github.com/silouanwright/gh-comment/cmd/list.go:375.9,375.42 1 0
github.com/silouanwright/gh-comment/cmd/list.go:375.42,378.4 1 0
github.com/silouanwright/gh-comment/cmd/list.go:378.9,381.4 1 0
github.com/silouanwright/gh-comment/cmd/list.go:383.2,383.15 1 0
github.com/silouanwright/gh-comment/cmd/reply.go:66.13,74.2 6 1
github.com/silouanwright/gh-comment/cmd/reply.go:76.56,78.24 1 1
github.com/silouanwright/gh-comment/cmd/reply.go:78.24,80.3 1 1
github.com/silouanwright/gh-comment/cmd/reply.go:83.2,85.16 3 1
github.com/silouanwright/gh-comment/cmd/reply.go:85.16,87.3 1 1
github.com/silouanwright/gh-comment/cmd/reply.go:92.2,93.19 2 1
github.com/silouanwright/gh-comment/cmd/reply.go:93.19,95.3 1 1
github.com/silouanwright/gh-comment/cmd/reply.go:98.2,98.85 1 1
github.com/silouanwright/gh-comment/cmd/reply.go:98.85,100.3 1 1
github.com/silouanwright/gh-comment/cmd/reply.go:103.2,103.44 1 1
github.com/silouanwright/gh-comment/cmd/reply.go:103.44,105.3 1 1
github.com/silouanwright/gh-comment/cmd/reply.go:108.2,108.51 1 1
github.com/silouanwright/gh-comment/cmd/reply.go:108.51,110.3 1 1
github.com/silouanwright/gh-comment/cmd/reply.go:113.2,113.63 1 1
github.com/silouanwright/gh-comment/cmd/reply.go:113.63,115.3 1 0
github.com/silouanwright/gh-comment/cmd/reply.go:118.2,118.55 1 1
github.com/silouanwright/gh-comment/cmd/reply.go:118.55,120.3 1 1
github.com/silouanwright/gh-comment/cmd/reply.go:123.2,124.16 2 1
github.com/silouanwright/gh-comment/cmd/reply.go:124.16,126.3 1 0
github.com/silouanwright/gh-comment/cmd/reply.go:129.2,130.21 2 1
github.com/silouanwright/gh-comment/cmd/reply.go:130.21,132.3 1 0
github.com/silouanwright/gh-comment/cmd/reply.go:133.2,135.13 2 1
github.com/silouanwright/gh-comment/cmd/reply.go:135.13,139.20 4 0
github.com/silouanwright/gh-comment/cmd/reply.go:139.20,141.4 1 0
github.com/silouanwright/gh-comment/cmd/reply.go:142.3,142.21 1 0
github.com/silouanwright/gh-comment/cmd/reply.go:142.21,144.4 1 0
github.com/silouanwright/gh-comment/cmd/reply.go:145.3,145.27 1 0
github.com/silouanwright/gh-comment/cmd/reply.go:145.27,147.4 1 0
github.com/silouanwright/gh-comment/cmd/reply.go:148.3,148.26 1 0
github.com/silouanwright/gh-comment/cmd/reply.go:148.26,150.4 1 0
github.com/silouanwright/gh-comment/cmd/reply.go:151.3,151.16 1 0
github.com/silouanwright/gh-comment/cmd/reply.go:154.2,154.12 1 1
github.com/silouanwright/gh-comment/cmd/reply.go:154.12,156.20 2 0
github.com/silouanwright/gh-comment/cmd/reply.go:156.20,158.4 1 0
github.com/silouanwright/gh-comment/cmd/reply.go:159.3,159.21 1 0
github.com/silouanwright/gh-comment/cmd/reply.go:159.21,161.4 1 0
github.com/silouanwright/gh-comment/cmd/reply.go:162.3,162.27 1 0
github.com/silouanwright/gh-comment/cmd/reply.go:162.27,164.4 1 0
github.com/silouanwright/gh-comment/cmd/reply.go:165.3,165.26 1 0
github.com/silouanwright/gh-comment/cmd/reply.go:165.26,167.4 1 0
github.com/silouanwright/gh-comment/cmd/reply.go:168.3,168.13 1 0
github.com/silouanwright/gh-comment/cmd/reply.go:172.2,172.20 1 1
github.com/silouanwright/gh-comment/cmd/reply.go:172.20,174.17 2 1
github.com/silouanwright/gh-comment/cmd/reply.go:174.17,176.4 1 0
github.com/silouanwright/gh-comment/cmd/reply.go:177.3,177.76 1 1
github.com/silouanwright/gh-comment/cmd/reply.go:181.2,181.26 1 1
github.com/silouanwright/gh-comment/cmd/reply.go:181.26,183.17 2 1
github.com/silouanwright/gh-comment/cmd/reply.go:183.17,185.4 1 0
github.com/silouanwright/gh-comment/cmd/reply.go:186.3,186.86 1 1
github.com/silouanwright/gh-comment/cmd/reply.go:190.2,190.19 1 1
github.com/silouanwright/gh-comment/cmd/reply.go:190.19,192.3 1 1
github.com/silouanwright/gh-comment/cmd/reply.go:195.2,195.25 1 1
github.com/silouanwright/gh-comment/cmd/reply.go:195.25,197.3 1 0
github.com/silouanwright/gh-comment/cmd/reply.go:199.2,199.12 1 1
github.com/silouanwright/gh-comment/cmd/reply.go:202.45,204.39 2 1
github.com/silouanwright/gh-comment/cmd/reply.go:204.39,205.24 1 1
github.com/silouanwright/gh-comment/cmd/reply.go:205.24,207.4 1 1
github.com/silouanwright/gh-comment/cmd/reply.go:209.2,209.14 1 1
github.com/silouanwright/gh-comment/cmd/resolve.go:28.13,30.2 1 1
github.com/silouanwright/gh-comment/cmd/resolve.go:32.58,35.16 2 1
github.com/silouanwright/gh-comment/cmd/resolve.go:35.16,37.3 1 1
github.com/silouanwright/gh-comment/cmd/resolve.go:40.2,41.16 2 0
github.com/silouanwright/gh-comment/cmd/resolve.go:41.16,43.3 1 0
github.com/silouanwright/gh-comment/cmd/resolve.go:45.2,45.13 1 0
github.com/silouanwright/gh-comment/cmd/resolve.go:45.13,50.3 4 0
github.com/silouanwright/gh-comment/cmd/resolve.go:52.2,52.12 1 0
github.com/silouanwright/gh-comment/cmd/resolve.go:52.12,55.3 2 0
github.com/silouanwright/gh-comment/cmd/resolve.go:58.2,58.93 1 0
github.com/silouanwright/gh-comment/cmd/root.go:45.22,47.2 1 0
github.com/silouanwright/gh-comment/cmd/root.go:49.13,57.2 5 1
github.com/silouanwright/gh-comment/cmd/root.go:60.39,61.16 1 1
github.com/silouanwright/gh-comment/cmd/root.go:61.16,63.3 1 1
github.com/silouanwright/gh-comment/cmd/root.go:66.2,67.16 2 1
github.com/silouanwright/gh-comment/cmd/root.go:67.16,69.3 1 0
github.com/silouanwright/gh-comment/cmd/root.go:71.2,71.48 1 1
github.com/silouanwright/gh-comment/cmd/root.go:75.34,76.19 1 1
github.com/silouanwright/gh-comment/cmd/root.go:76.19,78.3 1 0
github.com/silouanwright/gh-comment/cmd/root.go:81.2,82.16 2 1
github.com/silouanwright/gh-comment/cmd/root.go:82.16,84.3 1 1
github.com/silouanwright/gh-comment/cmd/root.go:86.2,88.16 3 0
github.com/silouanwright/gh-comment/cmd/root.go:88.16,90.3 1 0
github.com/silouanwright/gh-comment/cmd/root.go:92.2,92.16 1 0
github.com/silouanwright/gh-comment/cmd/submit-review.go:48.13,52.2 3 1
github.com/silouanwright/gh-comment/cmd/submit-review.go:54.63,60.20 4 0
github.com/silouanwright/gh-comment/cmd/submit-review.go:60.20,63.17 2 0
github.com/silouanwright/gh-comment/cmd/submit-review.go:63.17,65.4 1 0
github.com/silouanwright/gh-comment/cmd/submit-review.go:66.3,66.17 1 0
github.com/silouanwright/gh-comment/cmd/submit-review.go:67.8,67.27 1 0
github.com/silouanwright/gh-comment/cmd/submit-review.go:67.27,69.54 1 0
github.com/silouanwright/gh-comment/cmd/submit-review.go:69.54,72.4 1 0
github.com/silouanwright/gh-comment/cmd/submit-review.go:72.9,75.18 2 0
github.com/silouanwright/gh-comment/cmd/submit-review.go:75.18,77.5 1 0
github.com/silouanwright/gh-comment/cmd/submit-review.go:78.4,78.18 1 0
github.com/silouanwright/gh-comment/cmd/submit-review.go:80.8,83.17 2 0
github.com/silouanwright/gh-comment/cmd/submit-review.go:83.17,85.4 1 0
github.com/silouanwright/gh-comment/cmd/submit-review.go:89.2,89.22 1 0
github.com/silouanwright/gh-comment/cmd/submit-review.go:89.22,91.3 1 0
github.com/silouanwright/gh-comment/cmd/submit-review.go:94.2,96.41 3 0
github.com/silouanwright/gh-comment/cmd/submit-review.go:96.41,97.32 1 0
github.com/silouanwright/gh-comment/cmd/submit-review.go:97.32,99.9 2 0
github.com/silouanwright/gh-comment/cmd/submit-review.go:102.2,102.19 1 0
github.com/silouanwright/gh-comment/cmd/submit-review.go:102.19,104.3 1 0
github.com/silouanwright/gh-comment/cmd/submit-review.go:107.2,108.16 2 0
github.com/silouanwright/gh-comment/cmd/submit-review.go:108.16,110.3 1 0
github.com/silouanwright/gh-comment/cmd/submit-review.go:112.2,112.13 1 0
github.com/silouanwright/gh-comment/cmd/submit-review.go:112.13,118.3 5 0
github.com/silouanwright/gh-comment/cmd/submit-review.go:120.2,120.12 1 0
github.com/silouanwright/gh-comment/cmd/submit-review.go:120.12,125.3 4 0
github.com/silouanwright/gh-comment/cmd/submit-review.go:128.2,128.63 1 0
github.com/silouanwright/gh-comment/cmd/submit-review.go:131.73,133.16 2 0
github.com/silouanwright/gh-comment/cmd/submit-review.go:133.16,135.3 1 0
github.com/silouanwright/gh-comment/cmd/submit-review.go:138.2,139.16 2 0
github.com/silouanwright/gh-comment/cmd/submit-review.go:139.16,141.3 1 0
github.com/silouanwright/gh-comment/cmd/submit-review.go:143.2,143.19 1 0
github.com/silouanwright/gh-comment/cmd/submit-review.go:143.19,145.3 1 0
github.com/silouanwright/gh-comment/cmd/submit-review.go:147.2,147.13 1 0
github.com/silouanwright/gh-comment/cmd/submit-review.go:147.13,149.3 1 0
github.com/silouanwright/gh-comment/cmd/submit-review.go:152.2,158.16 3 0
github.com/silouanwright/gh-comment/cmd/submit-review.go:158.16,160.3 1 0
github.com/silouanwright/gh-comment/cmd/submit-review.go:162.2,162.13 1 0
github.com/silouanwright/gh-comment/cmd/submit-review.go:162.13,164.3 1 0
github.com/silouanwright/gh-comment/cmd/submit-review.go:167.2,169.16 3 0
github.com/silouanwright/gh-comment/cmd/submit-review.go:169.16,171.3 1 0
github.com/silouanwright/gh-comment/cmd/submit-review.go:174.2,175.15 2 0
github.com/silouanwright/gh-comment/cmd/submit-review.go:176.17,177.25 1 0
github.com/silouanwright/gh-comment/cmd/submit-review.go:178.25,179.34 1 0
github.com/silouanwright/gh-comment/cmd/submit-review.go:180.17,181.26 1 0
github.com/silouanwright/gh-comment/cmd/submit-review.go:184.2,186.13 2 0
github.com/silouanwright/gh-comment/cmd/submit-review.go:186.13,187.55 1 0
github.com/silouanwright/gh-comment/cmd/submit-review.go:187.55,189.4 1 0
github.com/silouanwright/gh-comment/cmd/submit-review.go:192.2,192.12 1 0
github.com/silouanwright/gh-comment/cmd/submit-review.go:195.60,197.16 2 0
github.com/silouanwright/gh-comment/cmd/submit-review.go:197.16,199.3 1 0
github.com/silouanwright/gh-comment/cmd/submit-review.go:202.2,204.16 3 0
github.com/silouanwright/gh-comment/cmd/submit-review.go:204.16,206.3 1 0
github.com/silouanwright/gh-comment/cmd/submit-review.go:208.2,208.13 1 0
github.com/silouanwright/gh-comment/cmd/submit-review.go:208.13,210.34 2 0
github.com/silouanwright/gh-comment/cmd/submit-review.go:210.34,213.45 3 0
github.com/silouanwright/gh-comment/cmd/submit-review.go:213.45,215.5 1 0
github.com/silouanwright/gh-comment/cmd/submit-review.go:216.4,216.50 1 0
github.com/silouanwright/gh-comment/cmd/submit-review.go:216.50,218.5 1 0
github.com/silouanwright/gh-comment/cmd/submit-review.go:219.4,219.64 1 0
github.com/silouanwright/gh-comment/cmd/submit-review.go:224.2,224.33 1 0
github.com/silouanwright/gh-comment/cmd/submit-review.go:224.33,225.70 1 0
github.com/silouanwright/gh-comment/cmd/submit-review.go:225.70,226.44 1 0
github.com/silouanwright/gh-comment/cmd/submit-review.go:226.44,228.5 1 0
github.com/silouanwright/gh-comment/cmd/submit-review.go:232.2,232.15 1 0
github.com/silouanwright/gh-comment/cmd/suggestions.go:9.47,17.2 3 1
github.com/silouanwright/gh-comment/cmd/suggestions.go:20.53,24.68 2 1
github.com/silouanwright/gh-comment/cmd/suggestions.go:24.68,27.26 2 0
github.com/silouanwright/gh-comment/cmd/suggestions.go:27.26,29.4 1 0
github.com/silouanwright/gh-comment/cmd/suggestions.go:31.3,32.52 2 0
github.com/silouanwright/gh-comment/cmd/suggestions.go:37.56,41.68 2 1
github.com/silouanwright/gh-comment/cmd/suggestions.go:41.68,44.26 2 0
github.com/silouanwright/gh-comment/cmd/suggestions.go:44.26,46.4 1 0
github.com/silouanwright/gh-comment/cmd/suggestions.go:48.3,49.52 2 0
